<?xml version="1.0" encoding="UTF-8"?>
<!-- Generated by org.testng.reporters.JUnitReportReporter -->
<testsuite skipped="0" hostname="Princes-MacBook-Pro.local" name="test.AppiumTest.MvnTestv" tests="4" failures="0" timestamp="2019-11-18T00:52:15 IST" time="0.011" errors="0">
  <testcase name="test4" time="0.001" classname="test.AppiumTest.MvnTestv"/>
  <testcase name="test1" time="0.008" classname="test.AppiumTest.MvnTestv"/>
  <testcase name="test3" time="0.001" classname="test.AppiumTest.MvnTestv"/>
  <testcase name="test2" time="0.001" classname="test.AppiumTest.MvnTestv"/>
</testsuite> <!-- test.AppiumTest.MvnTestv -->
