<?xml version="1.0" encoding="UTF-8"?>
<!-- Generated by org.testng.reporters.JUnitReportReporter -->
<testsuite skipped="0" hostname="Princes-MacBook-Pro.local" name="test.AppiumTest.MvnTestFile" tests="4" failures="0" timestamp="2019-11-18T01:06:34 IST" time="0.012" errors="0">
  <testcase name="test4" time="0.001" classname="test.AppiumTest.MvnTestFile"/>
  <testcase name="test1" time="0.009" classname="test.AppiumTest.MvnTestFile"/>
  <testcase name="test3" time="0.001" classname="test.AppiumTest.MvnTestFile"/>
  <testcase name="test2" time="0.001" classname="test.AppiumTest.MvnTestFile"/>
</testsuite> <!-- test.AppiumTest.MvnTestFile -->
