<?xml version="1.0" encoding="UTF-8"?>
<!-- Generated by org.testng.reporters.JUnitReportReporter -->
<testsuite skipped="0" hostname="Princes-MacBook-Pro.local" name="test.AppiumTest.MvnTest" tests="4" failures="0" timestamp="2019-11-18T00:48:56 IST" time="0.012" errors="0">
  <testcase name="test4" time="0.001" classname="test.AppiumTest.MvnTest"/>
  <testcase name="test1" time="0.008" classname="test.AppiumTest.MvnTest"/>
  <testcase name="test3" time="0.001" classname="test.AppiumTest.MvnTest"/>
  <testcase name="test2" time="0.002" classname="test.AppiumTest.MvnTest"/>
</testsuite> <!-- test.AppiumTest.MvnTest -->
